{"timestamp":"2026-04-26T22:43:57.916136Z","level":"info","event":"DAG bundles loaded: dags-folder, example_dags","logger":"airflow.dag_processing.bundles.manager.DagBundlesManager","filename":"manager.py","lineno":209}
{"timestamp":"2026-04-26T22:43:57.917643Z","level":"info","event":"Filling up the DagBag from /opt/airflow/dags/process_tiktok_data.py","logger":"airflow.dag_processing.dagbag.BundleDagBag","filename":"dagbag.py","lineno":469}
{"timestamp":"2026-04-26T22:43:57.930947Z","level":"warning","event":"The `airflow.operators.python.PythonOperator` attribute is deprecated. Please use `'airflow.providers.standard.operators.python.PythonOperator'`.","category":"UserWarning","filename":"/opt/airflow/dags/process_tiktok_data.py","lineno":2,"logger":"py.warnings"}
{"timestamp":"2026-04-26T22:43:57.931115Z","level":"warning","event":"The `airflow.operators.python.BranchPythonOperator` attribute is deprecated. Please use `'airflow.providers.standard.operators.python.BranchPythonOperator'`.","category":"UserWarning","filename":"/opt/airflow/dags/process_tiktok_data.py","lineno":2,"logger":"py.warnings"}
{"timestamp":"2026-04-26T22:43:57.931188Z","level":"warning","event":"The `airflow.operators.bash.BashOperator` attribute is deprecated. Please use `'airflow.providers.standard.operators.bash.BashOperator'`.","category":"UserWarning","filename":"/opt/airflow/dags/process_tiktok_data.py","lineno":3,"logger":"py.warnings"}
{"timestamp":"2026-04-26T22:43:57.931258Z","level":"warning","event":"The `airflow.sensors.python.PythonSensor` attribute is deprecated. Please use `'airflow.providers.standard.sensors.python.PythonSensor'`.","category":"UserWarning","filename":"/opt/airflow/dags/process_tiktok_data.py","lineno":4,"logger":"py.warnings"}
{"timestamp":"2026-04-26T22:43:57.931327Z","level":"warning","event":"The `airflow.utils.operator_helpers.determine_kwargs` attribute is deprecated. Please use `'airflow.sdk.bases.decorator.determine_kwargs'`.","category":"UserWarning","filename":"/home/airflow/.local/lib/python3.13/site-packages/airflow/providers/standard/sensors/python.py","lineno":24,"logger":"py.warnings"}
{"timestamp":"2026-04-26T22:43:57.931400Z","level":"warning","event":"The `airflow.utils.task_group.TaskGroup` attribute is deprecated. Please use `'airflow.sdk.TaskGroup'`.","category":"UserWarning","filename":"/opt/airflow/dags/process_tiktok_data.py","lineno":5,"logger":"py.warnings"}
{"timestamp":"2026-04-26T22:43:57.951444Z","level":"info","event":"Task instance is in running state","logger":"task.stdout"}
{"timestamp":"2026-04-26T22:43:57.951872Z","level":"info","event":" Previous state of the Task instance: TaskInstanceState.QUEUED","logger":"task.stdout"}
{"timestamp":"2026-04-26T22:43:57.952095Z","level":"info","event":"Current task name:mark_dataset_ready","logger":"task.stdout"}
{"timestamp":"2026-04-26T22:43:57.952290Z","level":"info","event":"Dag name:process_tiktok_data","logger":"task.stdout"}
{"timestamp":"2026-04-26T22:43:57.952655Z","level":"info","event":"Tmp dir root location: /tmp","logger":"airflow.task.hooks.airflow.providers.standard.hooks.subprocess.SubprocessHook","filename":"subprocess.py","lineno":78}
{"timestamp":"2026-04-26T22:43:57.953638Z","level":"info","event":"Running command: ['/usr/bin/bash', '-c', 'echo \"Processed\" > /opt/airflow/data/dataset_ready.flag']","logger":"airflow.task.hooks.airflow.providers.standard.hooks.subprocess.SubprocessHook","filename":"subprocess.py","lineno":80}
{"timestamp":"2026-04-26T22:43:57.954710Z","level":"info","event":"Output:","logger":"airflow.task.hooks.airflow.providers.standard.hooks.subprocess.SubprocessHook","filename":"subprocess.py","lineno":92}
{"timestamp":"2026-04-26T22:43:57.963683Z","level":"info","event":"Command exited with return code 0","logger":"airflow.task.hooks.airflow.providers.standard.hooks.subprocess.SubprocessHook","filename":"subprocess.py","lineno":103}
{"timestamp":"2026-04-26T22:43:57.964512Z","level":"info","event":"Pushing xcom","ti":"RuntimeTaskInstance(id=UUID('019dcbf6-4ccf-72e4-a420-8b1c3e2807ba'), task_id='mark_dataset_ready', dag_id='process_tiktok_data', run_id='manual__2026-04-26T22:43:29.588032+00:00', try_number=1, dag_version_id=UUID('019dcbdf-e4a2-753f-b5f7-bc236607d429'), map_index=-1, hostname='4330c0271845', context_carrier={'traceparent': '00-89e9b4cc176086686ab0b5a75161ee17-96e17ed8841f2daa-01'}, task=<Task(BashOperator): mark_dataset_ready>, bundle_instance=LocalDagBundle(name=dags-folder), max_tries=0, start_date=datetime.datetime(2026, 4, 26, 22, 43, 57, 595498, tzinfo=datetime.timezone.utc), end_date=None, state=<TaskInstanceState.RUNNING: 'running'>, is_mapped=False, rendered_map_index=None, sentry_integration='')","logger":"task","filename":"task_runner.py","lineno":1724}
{"timestamp":"2026-04-26T22:43:57.996298Z","level":"info","event":"Task instance in success state","logger":"task.stdout"}
{"timestamp":"2026-04-26T22:43:57.996616Z","level":"info","event":" Previous state of the Task instance: TaskInstanceState.RUNNING","logger":"task.stdout"}
{"timestamp":"2026-04-26T22:43:57.996845Z","level":"info","event":"Task operator:<Task(BashOperator): mark_dataset_ready>","logger":"task.stdout"}
