{"timestamp":"2026-04-26T22:34:36.151188Z","level":"info","event":"DAG bundles loaded: dags-folder, example_dags","logger":"airflow.dag_processing.bundles.manager.DagBundlesManager","filename":"manager.py","lineno":209}
{"timestamp":"2026-04-26T22:34:36.152577Z","level":"info","event":"Filling up the DagBag from /opt/airflow/dags/process_tiktok_data.py","logger":"airflow.dag_processing.dagbag.BundleDagBag","filename":"dagbag.py","lineno":469}
{"timestamp":"2026-04-26T22:34:36.174130Z","level":"warning","event":"The `airflow.operators.python.PythonOperator` attribute is deprecated. Please use `'airflow.providers.standard.operators.python.PythonOperator'`.","category":"UserWarning","filename":"/opt/airflow/dags/process_tiktok_data.py","lineno":2,"logger":"py.warnings"}
{"timestamp":"2026-04-26T22:34:36.174303Z","level":"warning","event":"The `airflow.operators.python.BranchPythonOperator` attribute is deprecated. Please use `'airflow.providers.standard.operators.python.BranchPythonOperator'`.","category":"UserWarning","filename":"/opt/airflow/dags/process_tiktok_data.py","lineno":2,"logger":"py.warnings"}
{"timestamp":"2026-04-26T22:34:36.174373Z","level":"warning","event":"The `airflow.operators.bash.BashOperator` attribute is deprecated. Please use `'airflow.providers.standard.operators.bash.BashOperator'`.","category":"UserWarning","filename":"/opt/airflow/dags/process_tiktok_data.py","lineno":3,"logger":"py.warnings"}
{"timestamp":"2026-04-26T22:34:36.174464Z","level":"warning","event":"The `airflow.sensors.python.PythonSensor` attribute is deprecated. Please use `'airflow.providers.standard.sensors.python.PythonSensor'`.","category":"UserWarning","filename":"/opt/airflow/dags/process_tiktok_data.py","lineno":4,"logger":"py.warnings"}
{"timestamp":"2026-04-26T22:34:36.174526Z","level":"warning","event":"The `airflow.utils.operator_helpers.determine_kwargs` attribute is deprecated. Please use `'airflow.sdk.bases.decorator.determine_kwargs'`.","category":"UserWarning","filename":"/home/airflow/.local/lib/python3.13/site-packages/airflow/providers/standard/sensors/python.py","lineno":24,"logger":"py.warnings"}
{"timestamp":"2026-04-26T22:34:36.174584Z","level":"warning","event":"The `airflow.utils.task_group.TaskGroup` attribute is deprecated. Please use `'airflow.sdk.TaskGroup'`.","category":"UserWarning","filename":"/opt/airflow/dags/process_tiktok_data.py","lineno":5,"logger":"py.warnings"}
{"timestamp":"2026-04-26T22:34:36.202043Z","level":"info","event":"Task instance is in running state","logger":"task.stdout"}
{"timestamp":"2026-04-26T22:34:36.202411Z","level":"info","event":" Previous state of the Task instance: TaskInstanceState.QUEUED","logger":"task.stdout"}
{"timestamp":"2026-04-26T22:34:36.202632Z","level":"info","event":"Current task name:check_file_empty","logger":"task.stdout"}
{"timestamp":"2026-04-26T22:34:36.202836Z","level":"info","event":"Dag name:process_tiktok_data","logger":"task.stdout"}
{"timestamp":"2026-04-26T22:34:36.221060Z","level":"info","event":"Done. Returned value was: process_data_group.read_csv","logger":"airflow.task.operators.airflow.providers.standard.operators.python.BranchPythonOperator","filename":"python.py","lineno":229}
{"timestamp":"2026-04-26T22:34:36.221238Z","level":"info","event":"Branch into process_data_group.read_csv","logger":"airflow.task.operators.airflow.providers.standard.operators.python.BranchPythonOperator","filename":"branch.py","lineno":40}
{"timestamp":"2026-04-26T22:34:36.221377Z","level":"info","event":"Following branch {'process_data_group.read_csv'}","logger":"airflow.task.operators.airflow.providers.standard.operators.python.BranchPythonOperator","filename":"skipmixin.py","lineno":124}
{"timestamp":"2026-04-26T22:34:36.221530Z","level":"info","event":"Skipping tasks [('log_empty_file', -1)]","logger":"airflow.task.operators.airflow.providers.standard.operators.python.BranchPythonOperator","filename":"skipmixin.py","lineno":163}
{"timestamp":"2026-04-26T22:34:36.238075Z","level":"info","event":"Skipping downstream tasks.","logger":"task","filename":"task_runner.py","lineno":1288}
{"timestamp":"2026-04-26T22:34:36.266020Z","level":"info","event":"Task instance in success state","logger":"task.stdout"}
{"timestamp":"2026-04-26T22:34:36.266438Z","level":"info","event":" Previous state of the Task instance: TaskInstanceState.RUNNING","logger":"task.stdout"}
{"timestamp":"2026-04-26T22:34:36.266738Z","level":"info","event":"Task operator:<Task(BranchPythonOperator): check_file_empty>","logger":"task.stdout"}
