{"timestamp":"2026-04-26T22:25:23.377855Z","level":"info","event":"DAG bundles loaded: dags-folder, example_dags","logger":"airflow.dag_processing.bundles.manager.DagBundlesManager","filename":"manager.py","lineno":209}
{"timestamp":"2026-04-26T22:25:23.379934Z","level":"info","event":"Filling up the DagBag from /opt/airflow/dags/process_tiktok_data.py","logger":"airflow.dag_processing.dagbag.BundleDagBag","filename":"dagbag.py","lineno":469}
{"timestamp":"2026-04-26T22:25:23.399517Z","level":"warning","event":"The `airflow.operators.python.PythonOperator` attribute is deprecated. Please use `'airflow.providers.standard.operators.python.PythonOperator'`.","category":"UserWarning","filename":"/opt/airflow/dags/process_tiktok_data.py","lineno":2,"logger":"py.warnings"}
{"timestamp":"2026-04-26T22:25:23.399688Z","level":"warning","event":"The `airflow.operators.python.BranchPythonOperator` attribute is deprecated. Please use `'airflow.providers.standard.operators.python.BranchPythonOperator'`.","category":"UserWarning","filename":"/opt/airflow/dags/process_tiktok_data.py","lineno":2,"logger":"py.warnings"}
{"timestamp":"2026-04-26T22:25:23.399792Z","level":"warning","event":"The `airflow.operators.bash.BashOperator` attribute is deprecated. Please use `'airflow.providers.standard.operators.bash.BashOperator'`.","category":"UserWarning","filename":"/opt/airflow/dags/process_tiktok_data.py","lineno":3,"logger":"py.warnings"}
{"timestamp":"2026-04-26T22:25:23.399861Z","level":"warning","event":"The `airflow.sensors.python.PythonSensor` attribute is deprecated. Please use `'airflow.providers.standard.sensors.python.PythonSensor'`.","category":"UserWarning","filename":"/opt/airflow/dags/process_tiktok_data.py","lineno":4,"logger":"py.warnings"}
{"timestamp":"2026-04-26T22:25:23.399951Z","level":"warning","event":"The `airflow.utils.operator_helpers.determine_kwargs` attribute is deprecated. Please use `'airflow.sdk.bases.decorator.determine_kwargs'`.","category":"UserWarning","filename":"/home/airflow/.local/lib/python3.13/site-packages/airflow/providers/standard/sensors/python.py","lineno":24,"logger":"py.warnings"}
{"timestamp":"2026-04-26T22:25:23.400030Z","level":"warning","event":"The `airflow.utils.task_group.TaskGroup` attribute is deprecated. Please use `'airflow.sdk.TaskGroup'`.","category":"UserWarning","filename":"/opt/airflow/dags/process_tiktok_data.py","lineno":5,"logger":"py.warnings"}
{"timestamp":"2026-04-26T22:25:23.428315Z","level":"info","event":"Task instance is in running state","logger":"task.stdout"}
{"timestamp":"2026-04-26T22:25:23.429162Z","level":"info","event":" Previous state of the Task instance: TaskInstanceState.QUEUED","logger":"task.stdout"}
{"timestamp":"2026-04-26T22:25:23.429588Z","level":"info","event":"Current task name:check_file_empty","logger":"task.stdout"}
{"timestamp":"2026-04-26T22:25:23.429928Z","level":"info","event":"Dag name:process_tiktok_data","logger":"task.stdout"}
{"timestamp":"2026-04-26T22:25:23.450419Z","level":"info","event":"Done. Returned value was: process_data_group.read_csv","logger":"airflow.task.operators.airflow.providers.standard.operators.python.BranchPythonOperator","filename":"python.py","lineno":229}
{"timestamp":"2026-04-26T22:25:23.450722Z","level":"info","event":"Branch into process_data_group.read_csv","logger":"airflow.task.operators.airflow.providers.standard.operators.python.BranchPythonOperator","filename":"branch.py","lineno":40}
{"timestamp":"2026-04-26T22:25:23.450998Z","level":"info","event":"Following branch {'process_data_group.read_csv'}","logger":"airflow.task.operators.airflow.providers.standard.operators.python.BranchPythonOperator","filename":"skipmixin.py","lineno":124}
{"timestamp":"2026-04-26T22:25:23.451346Z","level":"info","event":"Skipping tasks [('log_empty_file', -1)]","logger":"airflow.task.operators.airflow.providers.standard.operators.python.BranchPythonOperator","filename":"skipmixin.py","lineno":163}
{"timestamp":"2026-04-26T22:25:23.505677Z","level":"info","event":"Skipping downstream tasks.","logger":"task","filename":"task_runner.py","lineno":1288}
{"timestamp":"2026-04-26T22:25:23.549421Z","level":"info","event":"Task instance in success state","logger":"task.stdout"}
{"timestamp":"2026-04-26T22:25:23.550144Z","level":"info","event":" Previous state of the Task instance: TaskInstanceState.RUNNING","logger":"task.stdout"}
{"timestamp":"2026-04-26T22:25:23.550512Z","level":"info","event":"Task operator:<Task(BranchPythonOperator): check_file_empty>","logger":"task.stdout"}
