{"timestamp":"2026-04-26T22:23:11.348013Z","level":"info","event":"DAG bundles loaded: dags-folder, example_dags","logger":"airflow.dag_processing.bundles.manager.DagBundlesManager","filename":"manager.py","lineno":209}
{"timestamp":"2026-04-26T22:23:11.349899Z","level":"info","event":"Filling up the DagBag from /opt/airflow/dags/process_tiktok_data.py","logger":"airflow.dag_processing.dagbag.BundleDagBag","filename":"dagbag.py","lineno":469}
{"timestamp":"2026-04-26T22:23:11.363579Z","level":"warning","event":"The `airflow.operators.python.PythonOperator` attribute is deprecated. Please use `'airflow.providers.standard.operators.python.PythonOperator'`.","category":"UserWarning","filename":"/opt/airflow/dags/process_tiktok_data.py","lineno":2,"logger":"py.warnings"}
{"timestamp":"2026-04-26T22:23:11.363729Z","level":"warning","event":"The `airflow.operators.python.BranchPythonOperator` attribute is deprecated. Please use `'airflow.providers.standard.operators.python.BranchPythonOperator'`.","category":"UserWarning","filename":"/opt/airflow/dags/process_tiktok_data.py","lineno":2,"logger":"py.warnings"}
{"timestamp":"2026-04-26T22:23:11.363804Z","level":"warning","event":"The `airflow.operators.bash.BashOperator` attribute is deprecated. Please use `'airflow.providers.standard.operators.bash.BashOperator'`.","category":"UserWarning","filename":"/opt/airflow/dags/process_tiktok_data.py","lineno":3,"logger":"py.warnings"}
{"timestamp":"2026-04-26T22:23:11.363865Z","level":"warning","event":"The `airflow.sensors.python.PythonSensor` attribute is deprecated. Please use `'airflow.providers.standard.sensors.python.PythonSensor'`.","category":"UserWarning","filename":"/opt/airflow/dags/process_tiktok_data.py","lineno":4,"logger":"py.warnings"}
{"timestamp":"2026-04-26T22:23:11.363922Z","level":"warning","event":"The `airflow.utils.operator_helpers.determine_kwargs` attribute is deprecated. Please use `'airflow.sdk.bases.decorator.determine_kwargs'`.","category":"UserWarning","filename":"/home/airflow/.local/lib/python3.13/site-packages/airflow/providers/standard/sensors/python.py","lineno":24,"logger":"py.warnings"}
{"timestamp":"2026-04-26T22:23:11.363984Z","level":"warning","event":"The `airflow.utils.task_group.TaskGroup` attribute is deprecated. Please use `'airflow.sdk.TaskGroup'`.","category":"UserWarning","filename":"/opt/airflow/dags/process_tiktok_data.py","lineno":5,"logger":"py.warnings"}
{"timestamp":"2026-04-26T22:23:11.384470Z","level":"info","event":"Task instance is in running state","logger":"task.stdout"}
{"timestamp":"2026-04-26T22:23:11.384898Z","level":"info","event":" Previous state of the Task instance: TaskInstanceState.QUEUED","logger":"task.stdout"}
{"timestamp":"2026-04-26T22:23:11.385178Z","level":"info","event":"Current task name:check_file_empty","logger":"task.stdout"}
{"timestamp":"2026-04-26T22:23:11.385352Z","level":"info","event":"Dag name:process_tiktok_data","logger":"task.stdout"}
{"timestamp":"2026-04-26T22:23:11.415946Z","level":"info","event":"Done. Returned value was: process_data_group.transform_tasks","logger":"airflow.task.operators.airflow.providers.standard.operators.python.BranchPythonOperator","filename":"python.py","lineno":229}
{"timestamp":"2026-04-26T22:23:11.416127Z","level":"info","event":"Branch into process_data_group.transform_tasks","logger":"airflow.task.operators.airflow.providers.standard.operators.python.BranchPythonOperator","filename":"branch.py","lineno":40}
{"timestamp":"2026-04-26T22:23:11.416234Z","level":"info","event":"Following branch {'process_data_group.transform_tasks'}","logger":"airflow.task.operators.airflow.providers.standard.operators.python.BranchPythonOperator","filename":"skipmixin.py","lineno":124}
{"timestamp":"2026-04-26T22:23:11.416368Z","level":"error","event":"Task failed with exception","logger":"task","filename":"task_runner.py","lineno":1325,"error_detail":[{"exc_type":"AirflowException","exc_value":"'branch_task_ids' must contain only valid task_ids. Invalid tasks found: {'process_data_group.transform_tasks'}.","exc_notes":[],"syntax_error":null,"is_cause":false,"frames":[{"filename":"/home/airflow/.local/lib/python3.13/site-packages/airflow/sdk/execution_time/task_runner.py","lineno":1263,"name":"run"},{"filename":"/home/airflow/.local/lib/python3.13/site-packages/airflow/sdk/execution_time/task_runner.py","lineno":1678,"name":"_execute_task"},{"filename":"/home/airflow/.local/lib/python3.13/site-packages/airflow/sdk/bases/operator.py","lineno":443,"name":"wrapper"},{"filename":"/home/airflow/.local/lib/python3.13/site-packages/airflow/sdk/bases/branch.py","lineno":103,"name":"execute"},{"filename":"/home/airflow/.local/lib/python3.13/site-packages/airflow/sdk/bases/branch.py","lineno":45,"name":"do_branch"},{"filename":"/home/airflow/.local/lib/python3.13/site-packages/airflow/sdk/bases/skipmixin.py","lineno":135,"name":"skip_all_except"}],"is_group":false,"exceptions":[]}]}
{"timestamp":"2026-04-26T22:23:11.417614Z","level":"info","event":"Task instance in failure state","logger":"task.stdout"}
{"timestamp":"2026-04-26T22:23:11.417852Z","level":"info","event":"Task start","logger":"task.stdout"}
{"timestamp":"2026-04-26T22:23:11.418082Z","level":"info","event":"Task:<Task(BranchPythonOperator): check_file_empty>","logger":"task.stdout"}
{"timestamp":"2026-04-26T22:23:11.418274Z","level":"info","event":"Failure caused by 'branch_task_ids' must contain only valid task_ids. Invalid tasks found: {'process_data_group.transform_tasks'}.","logger":"task.stdout"}
